============================= test session starts =============================
platform win32 -- Python 3.13.3, pytest-9.1.1, pluggy-1.6.0 -- C:\Users\brand\AppData\Local\Programs\Python\Python313\python.exe
rootdir: D:\01. Proyectos\Factugest Python\Factugest\Factugest
configfile: pytest.ini
testpaths: tests
plugins: anyio-4.12.1
collecting ... collected 190 items

tests/test_api_key_service.py::test_la_llave_se_parte_en_prefijo_y_secreto PASSED [  0%]
tests/test_api_key_service.py::test_el_prefijo_cabe_en_la_columna_y_es_reconocible PASSED [  1%]
tests/test_api_key_service.py::test_el_secreto_tiene_entropia_suficiente PASSED [  1%]
tests/test_api_key_service.py::test_dos_llaves_seguidas_no_se_parecen PASSED [  2%]
tests/test_api_key_service.py::test_una_llave_mal_formada_se_rechaza_antes_de_consultar_nada[] PASSED [  2%]
tests/test_api_key_service.py::test_una_llave_mal_formada_se_rechaza_antes_de_consultar_nada[None] PASSED [  3%]
tests/test_api_key_service.py::test_una_llave_mal_formada_se_rechaza_antes_de_consultar_nada[sinpunto] PASSED [  3%]
tests/test_api_key_service.py::test_una_llave_mal_formada_se_rechaza_antes_de_consultar_nada[.solosecreto] PASSED [  4%]
tests/test_api_key_service.py::test_una_llave_mal_formada_se_rechaza_antes_de_consultar_nada[soloprefijo.] PASSED [  4%]
tests/test_api_key_service.py::test_una_llave_mal_formada_se_rechaza_antes_de_consultar_nada[   ] PASSED [  5%]
tests/test_api_key_service.py::test_el_hash_es_estable_y_no_deja_ver_el_secreto PASSED [  5%]
tests/test_calculo_documento.py::test_linea_simple_con_iva PASSED        [  6%]
tests/test_calculo_documento.py::test_linea_con_descuento_propio PASSED  [  6%]
tests/test_calculo_documento.py::test_linea_exenta_no_genera_impuesto PASSED [  7%]
tests/test_calculo_documento.py::test_la_linea_conserva_las_claves_ajenas PASSED [  7%]
tests/test_calculo_documento.py::test_documento_de_una_linea PASSED      [  8%]
tests/test_calculo_documento.py::test_tarifas_mixtas_en_el_mismo_documento PASSED [  8%]
tests/test_calculo_documento.py::test_descuento_global_prorratea_el_iva PASSED [  9%]
tests/test_calculo_documento.py::test_descuento_global_con_tarifas_mixtas PASSED [ 10%]
tests/test_calculo_documento.py::test_descuento_global_sobre_documento_sin_base_no_divide_por_cero PASSED [ 10%]
tests/test_calculo_documento.py::test_valores_ausentes_o_vacios_se_tratan_como_cero PASSED [ 11%]
tests/test_calculo_documento.py::test_los_totales_coinciden_con_el_calculo_anterior[lineas0-0] PASSED [ 11%]
tests/test_calculo_documento.py::test_los_totales_coinciden_con_el_calculo_anterior[lineas1-10000] PASSED [ 12%]
tests/test_calculo_documento.py::test_los_totales_coinciden_con_el_calculo_anterior[lineas2-0] PASSED [ 12%]
tests/test_calculo_documento.py::test_los_totales_coinciden_con_el_calculo_anterior[lineas3-7777] PASSED [ 13%]
tests/test_calculo_documento.py::test_los_totales_coinciden_con_el_calculo_anterior[lineas4-0] PASSED [ 13%]
tests/test_calculo_documento.py::test_los_totales_coinciden_con_el_calculo_anterior[lineas5-3333] PASSED [ 14%]
tests/test_calculo_documento.py::test_los_totales_coinciden_con_el_calculo_anterior[lineas6-0] PASSED [ 14%]
tests/test_calculo_documento.py::test_los_totales_coinciden_con_el_calculo_anterior[lineas7-9000] PASSED [ 15%]
tests/test_calculo_documento.py::test_los_totales_coinciden_con_el_calculo_anterior[lineas8-12345] PASSED [ 15%]
tests/test_calculo_notas.py::test_la_anulacion_total_devuelve_exactamente_lo_facturado PASSED [ 16%]
tests/test_calculo_notas.py::test_los_importes_de_la_nota_son_positivos PASSED [ 16%]
tests/test_calculo_notas.py::test_la_devolucion_parcial_prorratea_base_descuento_e_impuesto PASSED [ 17%]
tests/test_calculo_notas.py::test_devolver_sin_prorratear_el_descuento_regresaria_de_mas PASSED [ 17%]
tests/test_calculo_notas.py::test_una_linea_no_devuelta_no_entra_en_la_nota PASSED [ 18%]
tests/test_calculo_notas.py::test_devolver_cero_deja_la_nota_vacia PASSED [ 18%]
tests/test_calculo_notas.py::test_la_nota_conserva_el_orden_de_la_linea_original PASSED [ 19%]
tests/test_calculo_notas.py::test_el_valor_con_iva_adentro_se_descompone PASSED [ 20%]
tests/test_calculo_notas.py::test_el_valor_sin_iva_lo_suma_encima PASSED [ 20%]
tests/test_calculo_notas.py::test_las_dos_formas_no_dan_lo_mismo PASSED  [ 21%]
tests/test_calculo_notas.py::test_un_ajuste_sin_impuesto_no_inventa_iva PASSED [ 21%]
tests/test_calculo_notas.py::test_la_tarifa_promedio_de_un_documento_de_una_sola_tarifa_es_esa_tarifa PASSED [ 22%]
tests/test_calculo_notas.py::test_la_tarifa_promedio_de_un_documento_mixto_queda_en_medio PASSED [ 22%]
tests/test_calculo_notas.py::test_un_documento_sin_base_no_divide_por_cero[0] PASSED [ 23%]
tests/test_calculo_notas.py::test_un_documento_sin_base_no_divide_por_cero[None] PASSED [ 23%]
tests/test_calculo_notas.py::test_un_documento_sin_base_no_divide_por_cero[-5] PASSED [ 24%]
tests/test_consumo_service.py::test_un_plan_sin_tope_nunca_genera_excedente PASSED [ 24%]
tests/test_consumo_service.py::test_por_debajo_del_cupo_no_se_cobra_nada_de_mas PASSED [ 25%]
tests/test_consumo_service.py::test_el_excedente_es_lo_que_pasa_del_cupo_y_no_el_total PASSED [ 25%]
tests/test_consumo_service.py::test_justo_en_el_cupo_todavia_no_hay_excedente PASSED [ 26%]
tests/test_consumo_service.py::test_el_semaforo_avisa_antes_de_que_le_rebote_una_emision[319-NORMAL] PASSED [ 26%]
tests/test_consumo_service.py::test_el_semaforo_avisa_antes_de_que_le_rebote_una_emision[320-ALERTA] PASSED [ 27%]
tests/test_consumo_service.py::test_el_semaforo_avisa_antes_de_que_le_rebote_una_emision[401-EXCEDIDO] PASSED [ 27%]
tests/test_consumo_service.py::test_un_cliente_que_no_emitio_nada_no_rompe_el_calculo PASSED [ 28%]
tests/test_consumo_service.py::test_el_conteo_llega_como_decimal_desde_mysql PASSED [ 28%]
tests/test_dian_proveedor.py::test_un_documento_coherente_se_acepta PASSED [ 29%]
tests/test_dian_proveedor.py::test_la_respuesta_trae_el_qr_del_catalogo_de_habilitacion PASSED [ 30%]
tests/test_dian_proveedor.py::test_el_acuse_es_reproducible_para_el_mismo_documento PASSED [ 30%]
tests/test_dian_proveedor.py::test_el_payload_avisa_que_no_hubo_transmision_real PASSED [ 31%]
tests/test_dian_proveedor.py::test_el_simulador_no_inventa_numero_ni_cufe_ni_pdf PASSED [ 31%]
tests/test_dian_proveedor.py::test_se_rechaza_lo_que_la_dian_rechazaria[cambio0-no tiene n\xfamero] PASSED [ 32%]
tests/test_dian_proveedor.py::test_se_rechaza_lo_que_la_dian_rechazaria[cambio1-no tiene CUFE] PASSED [ 32%]
tests/test_dian_proveedor.py::test_se_rechaza_lo_que_la_dian_rechazaria[cambio2-forma de un SHA-384] PASSED [ 33%]
tests/test_dian_proveedor.py::test_se_rechaza_lo_que_la_dian_rechazaria[cambio3-forma de un SHA-384] PASSED [ 33%]
tests/test_dian_proveedor.py::test_se_rechaza_lo_que_la_dian_rechazaria[cambio4-receptor no est\xe1 identificado] PASSED [ 34%]
tests/test_dian_proveedor.py::test_se_rechaza_un_emisor_sin_nit PASSED   [ 34%]
tests/test_dian_proveedor.py::test_se_rechaza_un_documento_sin_lineas PASSED [ 35%]
tests/test_dian_proveedor.py::test_se_rechaza_un_total_que_no_cuadra PASSED [ 35%]
tests/test_dian_proveedor.py::test_se_rechaza_un_iva_mayor_que_el_de_las_lineas PASSED [ 36%]
tests/test_dian_proveedor.py::test_se_rechaza_un_xml_mal_formado PASSED  [ 36%]
tests/test_dian_proveedor.py::test_se_rechaza_si_no_se_genero_el_xml PASSED [ 37%]
tests/test_dian_proveedor.py::test_se_informan_todos_los_problemas_de_una_vez PASSED [ 37%]
tests/test_dian_proveedor.py::test_un_rechazo_no_lanza_excepcion PASSED  [ 38%]
tests/test_dian_proveedor.py::test_una_nota_credito_con_valores_negativos_se_acepta PASSED [ 38%]
tests/test_dian_proveedor.py::test_por_defecto_se_usa_el_simulado PASSED [ 39%]
tests/test_dian_proveedor.py::test_la_variable_de_entorno_elige_el_proveedor PASSED [ 40%]
tests/test_dian_proveedor.py::test_factus_avisa_que_esta_pendiente_en_lugar_de_decir_desconocido PASSED [ 40%]
tests/test_dian_proveedor.py::test_un_proveedor_inventado_lista_los_disponibles PASSED [ 41%]
tests/test_dian_proveedor.py::test_los_disponibles_se_pueden_consultar PASSED [ 41%]
tests/test_documento_canonico.py::test_los_alias_de_la_consulta_se_traducen_al_nombre_de_columna PASSED [ 42%]
tests/test_documento_canonico.py::test_el_emisor_extraido_trae_el_contrato_completo PASSED [ 42%]
tests/test_documento_canonico.py::test_el_emisor_desde_empresa_rellena_lo_que_no_selecciono_la_consulta PASSED [ 43%]
tests/test_documento_canonico.py::test_no_hay_claves_faltantes_cuando_el_documento_esta_completo PASSED [ 43%]
tests/test_documento_canonico.py::test_se_reportan_las_claves_ausentes_de_cada_pieza PASSED [ 44%]
tests/test_documento_canonico.py::test_una_clave_presente_en_nulo_cuenta_como_presente PASSED [ 44%]
tests/test_modelos_api.py::test_una_factura_minima_es_valida PASSED      [ 45%]
tests/test_modelos_api.py::test_los_datos_se_normalizan_al_validar PASSED [ 45%]
tests/test_modelos_api.py::test_la_cedula_no_admite_letras PASSED        [ 46%]
tests/test_modelos_api.py::test_el_pasaporte_si_admite_letras PASSED     [ 46%]
tests/test_modelos_api.py::test_el_tipo_de_documento_es_del_catalogo_dian PASSED [ 47%]
tests/test_modelos_api.py::test_una_persona_natural_no_lleva_numeros_en_el_nombre PASSED [ 47%]
tests/test_modelos_api.py::test_una_persona_juridica_si PASSED           [ 48%]
tests/test_modelos_api.py::test_el_regimen_y_el_tipo_de_persona_son_listas_cerradas PASSED [ 48%]
tests/test_modelos_api.py::test_el_correo_debe_tener_forma_de_correo PASSED [ 49%]
tests/test_modelos_api.py::test_el_precio_debe_ser_mayor_que_cero PASSED [ 50%]
tests/test_modelos_api.py::test_la_cantidad_admite_decimales_pero_no_cero PASSED [ 50%]
tests/test_modelos_api.py::test_el_descuento_de_linea_va_de_cero_a_cien PASSED [ 51%]
tests/test_modelos_api.py::test_el_codigo_de_impuesto_es_del_anexo_dian PASSED [ 51%]
tests/test_modelos_api.py::test_el_codigo_del_item_no_se_valida_contra_nuestro_catalogo PASSED [ 52%]
tests/test_modelos_api.py::test_una_factura_necesita_al_menos_una_linea PASSED [ 52%]
tests/test_modelos_api.py::test_a_credito_hace_falta_plazo PASSED        [ 53%]
tests/test_modelos_api.py::test_de_contado_no_lleva_plazo PASSED         [ 53%]
tests/test_modelos_api.py::test_el_plazo_tiene_un_tope_razonable PASSED  [ 54%]
tests/test_modelos_api.py::test_el_descuento_global_no_puede_pasarse_de_la_base PASSED [ 54%]
tests/test_modelos_api.py::test_el_descuento_global_no_puede_ser_negativo PASSED [ 55%]
tests/test_modelos_api.py::test_el_descuento_global_considera_los_descuentos_de_linea PASSED [ 55%]
tests/test_modelos_api.py::test_el_ejemplo_que_muestra_swagger_se_puede_enviar PASSED [ 56%]
tests/test_monograma.py::test_toma_las_dos_primeras_palabras_con_significado[Drogueria La Salud S.A.S.-DS] PASSED [ 56%]
tests/test_monograma.py::test_toma_las_dos_primeras_palabras_con_significado[Transportes del Norte S.A.S.-TN] PASSED [ 57%]
tests/test_monograma.py::test_toma_las_dos_primeras_palabras_con_significado[Hotel Casa Blanca-HC] PASSED [ 57%]
tests/test_monograma.py::test_toma_las_dos_primeras_palabras_con_significado[Ferreteria Los Andes Ltda-FA] PASSED [ 58%]
tests/test_monograma.py::test_toma_las_dos_primeras_palabras_con_significado[Droguer\xeda La Salud-DS] PASSED [ 58%]
tests/test_monograma.py::test_un_nombre_de_una_sola_palabra_usa_sus_dos_mayusculas PASSED [ 59%]
tests/test_monograma.py::test_un_nombre_sin_mayusculas_usa_sus_dos_primeras_letras PASSED [ 60%]
tests/test_monograma.py::test_un_nombre_vacio_no_revienta PASSED         [ 60%]
tests/test_monograma.py::test_el_color_de_la_empresa_manda_sobre_el_derivado PASSED [ 61%]
tests/test_monograma.py::test_sin_color_propio_el_derivado_es_siempre_el_mismo PASSED [ 61%]
tests/test_monograma.py::test_un_color_mal_escrito_no_se_cuela_en_el_documento PASSED [ 62%]
tests/test_monograma.py::test_dos_empresas_distintas_no_tienen_que_verse_iguales PASSED [ 62%]
tests/test_monograma.py::test_el_pdf_dibuja_el_monograma_cuando_no_hay_logo PASSED [ 63%]
tests/test_pdf_descuentos.py::test_el_descuento_por_producto_sale_con_su_porcentaje_real PASSED [ 63%]
tests/test_pdf_descuentos.py::test_el_descuento_de_factura_sale_con_su_concepto PASSED [ 64%]
tests/test_pdf_descuentos.py::test_los_dos_descuentos_salen_en_filas_distintas PASSED [ 64%]
tests/test_pdf_descuentos.py::test_el_de_factura_se_calcula_sobre_lo_que_queda_del_de_linea PASSED [ 65%]
tests/test_pdf_descuentos.py::test_una_factura_sin_descuentos_no_muestra_la_fila PASSED [ 65%]
tests/test_pdf_descuentos.py::test_el_concepto_del_descuento_de_linea_sigue_bajo_el_producto PASSED [ 66%]
tests/test_pdf_membrete.py::test_el_membrete_es_del_emisor_que_se_le_pasa PASSED [ 66%]
tests/test_pdf_membrete.py::test_el_membrete_nunca_cae_en_el_nuestro PASSED [ 67%]
tests/test_pdf_membrete.py::test_sin_emisor_explicito_lo_lee_del_documento PASSED [ 67%]
tests/test_pdf_membrete.py::test_sin_logo_el_membrete_imprime_el_nombre_una_sola_vez PASSED [ 68%]
tests/test_pdf_membrete.py::test_un_logo_que_no_existe_no_tumba_la_factura PASSED [ 68%]
tests/test_pdf_membrete.py::test_un_logo_con_ruta_de_escape_se_ignora PASSED [ 69%]
tests/test_pdf_membrete.py::test_cada_emisor_pinta_con_su_color PASSED   [ 70%]
tests/test_pdf_membrete.py::test_un_color_mal_escrito_no_tumba_la_factura PASSED [ 70%]
tests/test_pdf_membrete.py::test_sin_color_sale_el_neutro_y_no_el_de_nadie PASSED [ 71%]
tests/test_pdf_membrete.py::test_el_pdf_no_lleva_ningun_color_de_marca_escrito_en_el_codigo PASSED [ 71%]
tests/test_validaciones.py::test_entero_acepta_cero_y_positivos PASSED   [ 72%]
tests/test_validaciones.py::test_entero_rechaza_negativos PASSED         [ 72%]
tests/test_validaciones.py::test_entero_rechaza_decimales_y_texto PASSED [ 73%]
tests/test_validaciones.py::test_entero_respeta_el_maximo PASSED         [ 73%]
tests/test_validaciones.py::test_los_numeros_admiten_coma_decimal_y_espacios PASSED [ 74%]
tests/test_validaciones.py::test_el_dinero_no_puede_ser_negativo_pero_si_cero PASSED [ 74%]
tests/test_validaciones.py::test_el_precio_debe_ser_mayor_que_cero PASSED [ 75%]
tests/test_validaciones.py::test_la_cantidad_arranca_en_uno PASSED       [ 75%]
tests/test_validaciones.py::test_la_cantidad_fraccionaria_es_opcional PASSED [ 76%]
tests/test_validaciones.py::test_el_porcentaje_va_de_cero_a_cien PASSED  [ 76%]
tests/test_validaciones.py::test_infinito_y_nan_no_pasan_por_numero PASSED [ 77%]
tests/test_validaciones.py::test_el_nombre_de_persona_admite_tildes_y_apostrofos PASSED [ 77%]
tests/test_validaciones.py::test_el_nombre_de_persona_rechaza_numeros_y_simbolos PASSED [ 78%]
tests/test_validaciones.py::test_la_razon_social_si_admite_numeros PASSED [ 78%]
tests/test_validaciones.py::test_la_razon_social_necesita_al_menos_una_letra PASSED [ 79%]
tests/test_validaciones.py::test_el_texto_respeta_el_largo PASSED        [ 80%]
tests/test_validaciones.py::test_el_sku_se_normaliza_en_mayusculas PASSED [ 80%]
tests/test_validaciones.py::test_el_correo_valida_forma_y_se_normaliza PASSED [ 81%]
tests/test_validaciones.py::test_el_telefono_cuenta_digitos PASSED       [ 81%]
tests/test_validaciones.py::test_la_cedula_solo_admite_numeros PASSED    [ 82%]
tests/test_validaciones.py::test_el_pasaporte_admite_letras PASSED       [ 82%]
tests/test_validaciones.py::test_la_identificacion_ignora_puntos_y_guiones_de_separacion PASSED [ 83%]
tests/test_validaciones.py::test_la_identificacion_respeta_el_largo_de_su_tipo PASSED [ 83%]
tests/test_validaciones.py::test_las_etiquetas_traducen_el_codigo_para_las_personas PASSED [ 84%]
tests/test_validaciones.py::test_el_tipo_de_documento_debe_ser_del_catalogo_dian PASSED [ 84%]
tests/test_validaciones.py::test_el_digito_de_verificacion_sigue_el_algoritmo_dian[890903938-8] PASSED [ 85%]
tests/test_validaciones.py::test_el_digito_de_verificacion_sigue_el_algoritmo_dian[800197268-4] PASSED [ 85%]
tests/test_validaciones.py::test_el_digito_de_verificacion_sigue_el_algoritmo_dian[900373115-3] PASSED [ 86%]
tests/test_validaciones.py::test_el_dv_calculado_siempre_se_verifica_contra_su_propio_nit PASSED [ 86%]
tests/test_validaciones.py::test_el_dv_siempre_queda_entre_cero_y_nueve PASSED [ 87%]
tests/test_validaciones.py::test_el_dv_se_calcula_si_viene_vacio_y_se_verifica_si_viene PASSED [ 87%]
tests/test_validaciones.py::test_el_rango_de_numeracion_exige_desde_menor_o_igual_que_hasta PASSED [ 88%]
tests/test_validaciones.py::test_el_rango_no_admite_negativos_ni_cero PASSED [ 88%]
tests/test_validaciones.py::test_el_rango_puede_quedar_vacio_si_no_es_obligatorio PASSED [ 89%]
tests/test_validaciones.py::test_las_fechas_de_vigencia_deben_ir_en_orden PASSED [ 90%]
tests/test_validaciones.py::test_una_fecha_mal_escrita_se_rechaza PASSED [ 90%]
tests/test_validaciones.py::test_el_nit_solo_admite_digitos_y_de_8_a_10 PASSED [ 91%]
tests/test_validaciones.py::test_el_ciiu_son_cuatro_digitos PASSED       [ 91%]
tests/test_validaciones.py::test_el_prefijo_se_normaliza_y_no_admite_simbolos PASSED [ 92%]
tests/test_validaciones.py::test_la_contrasena_exige_largo_minimo_salvo_al_editar PASSED [ 92%]
tests/test_validaciones.py::test_el_sitio_web_rechaza_lo_que_no_parece_dominio PASSED [ 93%]
tests/test_validaciones.py::test_la_pareja_asigna_los_dos_campos_o_marca_el_que_falla PASSED [ 93%]
tests/test_validaciones.py::test_la_opcion_debe_estar_en_la_lista_blanca PASSED [ 94%]
tests/test_validaciones.py::test_el_validador_acumula_todos_los_errores_del_formulario PASSED [ 94%]
tests/test_validaciones.py::test_el_validador_queda_valido_cuando_todo_pasa PASSED [ 95%]
tests/test_xml_service.py::test_el_regimen_del_emisor_define_el_nivel_tributario[RESPONSABLE_IVA-O-23] PASSED [ 95%]
tests/test_xml_service.py::test_el_regimen_del_emisor_define_el_nivel_tributario[GRAN_CONTRIBUYENTE-O-23] PASSED [ 96%]
tests/test_xml_service.py::test_el_regimen_del_emisor_define_el_nivel_tributario[NO_RESPONSABLE_IVA-O-47] PASSED [ 96%]
tests/test_xml_service.py::test_sin_regimen_se_asume_responsable_de_iva PASSED [ 97%]
tests/test_xml_service.py::test_el_tipo_de_documento_del_cliente_viaja_como_codigo_dian[13-13] PASSED [ 97%]
tests/test_xml_service.py::test_el_tipo_de_documento_del_cliente_viaja_como_codigo_dian[31-31] PASSED [ 98%]
tests/test_xml_service.py::test_el_tipo_de_documento_del_cliente_viaja_como_codigo_dian[41-41] PASSED [ 98%]
tests/test_xml_service.py::test_el_tipo_de_documento_del_cliente_viaja_como_codigo_dian[ZZ-13] PASSED [ 99%]
tests/test_xml_service.py::test_el_prefijo_del_emisor_llega_al_xml PASSED [100%]

============================== warnings summary ===============================
C:\Users\brand\AppData\Local\Programs\Python\Python313\Lib\site-packages\reportlab\lib\rl_safe_eval.py:12
  C:\Users\brand\AppData\Local\Programs\Python\Python313\Lib\site-packages\reportlab\lib\rl_safe_eval.py:12: DeprecationWarning: ast.NameConstant is deprecated and will be removed in Python 3.14; use ast.Constant instead
    haveNameConstant = hasattr(ast,'NameConstant')

-- Docs: https://docs.pytest.org/en/stable/how-to/capture-warnings.html
======================= 190 passed, 1 warning in 3.39s ========================
